               .deffile adi_defs.asm
               .deffile ddi_defs.asm
               .deffile reg_defs.asm
               .deffile sce_defs.asm
               
               ; Number of supported tasks
               .define TASK_COUNT      1
               
               ; Resource-specified definitions, if any
               ; (None)
               
               
               .segment begin "Framework"
               
               
               VectorTable:
0000 ---- 1408                         jsr         PowerUp
0001 ---- 040c                         jmp         TaskCtrlReqVector
0002 ---- 1408                         jsr         PowerUp
0003 ---- 042c                         jmp         AonRtcCh2Vector
0004 ---- 1408                         jsr         PowerUp
0005 ---- 0447                         jmp         Event0Vector
0006 ---- 1408                         jsr         PowerUp
0007 ---- 044d                         jmp         TaskAlertAckVector
               
               
               
               
               PowerUp:
                                       ; Deassert the power-down request
0008 ---- 4436                         iobclr      #0, [#IOP_WUC_PWRDWNREQ]
               
                                       ; Wait for it to take effect
0009 ---- 2437 /waitForPdAck:          iobtst      #0, [#IOP_WUC_PWRDWNACK]
000a ---- aefe                         biob1       /waitForPdAck
               
               FwEmptyFunc:            ; Done
000b ---- adb7                         rts
               
               
               
               
               TaskCtrlReqVector:
                                       ; Clear the vector flag
000c ---- 6442                         iobset      #0, [#IOP_EVCTL_VECFLAGSCLR]
               
                                       ; For each task ...
000d ---- 7000                         ld          R7, #0
               /loop:
                                           ; Save the task ID
000e ---- 7c6b                             st          R7, [#fwCtrlInt/taskId]
               
                                           ; Handle initialize request, if any
000f ---- 6872                             ld          R6, [#fwCtrlExt/bvTaskInitializeReq]
0010 ---- 0068                             ld          R0, #pFwTaskInitializeFuncTable
0011 ---- 1425                             jsr         /handleReq
               
                                           ; Handle execute request, if any
0012 ---- 6873                             ld          R6, [#fwCtrlExt/bvTaskExecuteReq]
0013 ---- 0069                             ld          R0, #pFwTaskExecuteFuncTable
0014 ---- 1425                             jsr         /handleReq
               
                                           ; Handle terminate request, if any
0015 ---- 6874                             ld          R6, [#fwCtrlExt/bvTaskTerminateReq]
0016 ---- 006a                             ld          R0, #pFwTaskTerminateFuncTable
0017 ---- 1425                             jsr         /handleReq
               
                                           ; Move on to the next task
0018 ---- 786b                             ld          R7, [#fwCtrlInt/taskId]
0019 ---- f801                             add         R7, #1
               
001a ---- fa01                         cmp         R7, #TASK_COUNT
001b ---- bef2                         bneq        /loop
               
                                       ; Update which tasks are ...
001c ---- 7870                         ld          R7, [#fwCtrlExt/bvActiveTasks]
                                       ; ... currently active ...
001d ---- 6872                         ld          R6, [#fwCtrlExt/bvTaskInitializeReq]
001e ---- fd0e                         or          R7, R6
                                       ; ... and inactive ...
001f ---- 6874                         ld          R6, [#fwCtrlExt/bvTaskTerminateReq]
0020 ---- ed92                         inv         R6
0021 ---- fd06                         and         R7, R6
0022 ---- 7c70                         st          R7, [#fwCtrlExt/bvActiveTasks]
               
                                       ; We're READY for another request
0023 ---- 642d                         iobset      #IOB_EVCTL_SWEV_READY, [#IOP_EVCTL_SWEVSET]
               
                                       ; Generate an ALERT interrupt if needed before powering back down
0024 ---- 0450                         jmp         GenAlertInterrupt;
               
               /handleReq:
                                       ; Restore the task ID, and load the function pointer (here to avoid pipeline hazard)
0025 ---- 786b                         ld          R7, [#fwCtrlInt/taskId]
0026 ---- 8f1f                         ld          R0, [R7+R0]
               
                                       ; Skip this request?
0027 ---- ed8f                         lsr         R6, R7
0028 ---- ec01                         tst         R6, #0x0001
0029 ---- be01                         bnz         /noSkip
002a ---- adb7                             rts
               /noSkip:
                                       ; Make the call by jump, with return (rts) in the "called" function
002b ---- 8db7                         jmp         R0
               
               
               
               
               AonRtcCh2Vector:
                                       ; Start clearing the RTC event
002c ---- 6630                         iobset      #IOB_WUC_WUEV_RTC, [#IOP_WUC_WUEVCLR]
               
                                       ; Clear the vector flag
002d ---- 6542                         iobset      #1, [#IOP_EVCTL_VECFLAGSCLR]
               
                                       ; For each task (R0 is the current task ID) ...
002e ---- 0000                         ld          R0, #0
               /loop:
                                           ; ... that is active ...
002f ---- 1870                             ld          R1, [#fwCtrlExt/bvActiveTasks]
0030 ---- 9d88                             lsr         R1, R0
0031 ---- 9c01                             tst         R1, #0x0001
0032 ---- b60d                             bz          /skip
               
                                               ; Fetch number of RTC intervals until next execution
0033 ---- 1067                                 ld          R1, #pFwTaskExecuteScheduleTable
0034 ---- af19                                 ld          R2, [R1+R0]
               
                                               ; If not already 0, decrement and store. If then 0 ...
0035 ---- aa00                                 cmp         R2, #0
0036 ---- b609                                 beq         /skip
0037 ---- a8ff                                 add         R2, #-1
0038 ---- af39                                 st          R2, [R1+R0]
0039 ---- be06                                 bnz         /skip
               
                                                   ; ... execute the task
003a ---- 0c6b                                     st          R0, [#fwCtrlInt/taskId]
003b ---- 8869                                     add         R0, #pFwTaskExecuteFuncTable
003c ---- 8f08                                     ld          R0, [R0]
                                                   ; Insert NOP to avoid pipeline hazard
003d ---- fd47                                     nop
003e ---- 9db7                                     jsr         R0
003f ---- 086b                                     ld          R0, [#fwCtrlInt/taskId]
               /skip:
                                           ; Move on to the next task
0040 ---- 8801                             add         R0, #1
               
0041 ---- 8a01                         cmp         R0, #TASK_COUNT
0042 ---- beec                         bneq        /loop
               
                                       ; Wait for the ACK event to be cleared
0043 ---- 262f /waitOnRtcClearing:     iobtst      #IOB_WUC_WUEV_RTC, [#IOP_WUC_WUEVFLAGS]
0044 ---- aefe                         biob1       /waitOnRtcClearing
0045 ---- 4630                         iobclr      #IOB_WUC_WUEV_RTC, [#IOP_WUC_WUEVCLR]
               
                                       ; Generate an ALERT interrupt if needed
0046 ---- 0450                         jmp         GenAlertInterrupt;
               
               
               
               
               Event0Vector:
                                       ; Disable and clear the vector flag
0047 ---- 5527                         iobclr      #IOB_EVCTL_VECCFG1_VEC2_EN, [#IOP_EVCTL_VECCFG1]
0048 ---- 6642                         iobset      #2, [#IOP_EVCTL_VECFLAGSCLR]
               
                                       ; Set the task ID
0049 ---- 0000                         ld          R0, #0
004a ---- 0c6b                         st          R0, [#fwCtrlInt/taskId]
               
                                       ; Jump to the event task code
004b ---- 140b                         jsr         FwEmptyFunc
               
                                       ; Generate an ALERT interrupt if needed
004c ---- 0450                         jmp         GenAlertInterrupt;
               
               
               
               
               TaskAlertAckVector:
                                       ; Clear the vector flag
004d ---- 6742                         iobset      #3, [#IOP_EVCTL_VECFLAGSCLR]
               
                                       ; Re-enable generation of ALERT interrupts
004e ---- 03ff                         ld          R0, #-1
004f ---- 0c6d                         st          R0, [#fwCtrlInt/alertGenMask]
               
                                       ; Fall through to GenAlertInterrupt to generate another ALERT interrupt if needed
               
               
               
               
               GenAlertInterrupt:
                                       ; Do we have any ALERT-generating flags pending?
0050 ---- 786c                         ld          R7, [#fwCtrlInt/bvTaskIoAlert]
               
                                       ; Skip if the last I/O ALERT interrupt has not been acknowledged
0051 ---- 686d                         ld          R6, [#fwCtrlInt/alertGenMask]
0052 ---- ed37                         tst         R6, R7
0053 ---- b605                         bz          /skipAlertGen
               
                                           ; Transfer I/O flags from internal to external
0054 ---- 0000                             ld          R0, #0
0055 ---- 0c6c                             st          R0, [#fwCtrlInt/bvTaskIoAlert]
0056 ---- 7c71                             st          R7, [#fwCtrlExt/bvTaskIoAlert]
               
                                           ; Generate the ALERT interrupt, and clear the generation mask
0057 ---- 652d                             iobset      #IOB_EVCTL_SWEV_ALERT, [#IOP_EVCTL_SWEVSET]
0058 ---- 0c6d                             st          R0, [#fwCtrlInt/alertGenMask]
               /skipAlertGen:
                                       ; Fall through to PowerDown ...
               
               
               
               
               PowerDown:
                                       ; If there are no unacknowledged ALERTs and no vectors pending ...
0059 ---- 786d                         ld          R7, [#fwCtrlInt/alertGenMask]
005a ---- 686e                         ld          R6, [#fwCtrlInt/alertCanPdAuxMask]
005b ---- fd0e                         or          R7, R6
005c ---- f801                         add         R7, #1 ; 0xFFFF -> 0x0000
005d ---- e92b                         in          R6, [#IOP_EVCTL_VECFLAGS]
005e ---- fd0e                         or          R7, R6
005f ---- be01                         bnz         /noPowerDown
               
                                           ; Assert the power-down request. We'll make sure that it has taken effect
                                           ; or been completely ignored when waking up again
0060 ---- 6436                             iobset      #0, [#IOP_WUC_PWRDWNREQ]
               /noPowerDown:
                                       ; Sleep until the next event
0061 ---- bdb7 sleepInstr:             sleep
               
               
               
               
0062 ---- 241a AdiDdiAcquire:          iobtst      #0, [#IOP_SMPH_SMPH0]
0063 ---- a6fe                         biob0       AdiDdiAcquire
0064 ---- adb7                         rts
               
0065 ---- 641a AdiDdiRelease:          iobset      #0, [#IOP_SMPH_SMPH0]
0066 ---- adb7                         rts
               
               
               
               
               ; RTC ticks until next execution, one word for each task
               pFwTaskExecuteScheduleTable:
0067 ---- 0000                         dw          #0
               
               ; Task code function pointers for each task code block, one word for each task
               pFwTaskInitializeFuncTable:
0068 ---- 007c                         dw          #leakAdc/initialize
               pFwTaskExecuteFuncTable:
0069 ---- 0081                         dw          #leakAdc/execute
               pFwTaskTerminateFuncTable:
006a ---- 00d3                         dw          #leakAdc/terminate
               
               ; Run-time logging log requests and masks, one bit for each struct, one word for each task
               pRtlTaskLogReqTable:
               ; (Run-time logging is not used in this project)
               pRtlTaskLogMaskTable:
               ; (Run-time logging is not used in this project)
               
               
               ; Internal control data
               fwCtrlInt:
006b ---- 0000 /taskId:                dw          #0      ; ID of the currently running task
006c ---- 0000 /bvTaskIoAlert:         dw          #0x0000 ; LSB = Normal data exchange, MSB = Overflow or underflow
006d ---- ffff /alertGenMask:          dw          #0xFFFF ; Can generate an ALERT interrupt now? (0xFFFF = yes, 0x0000 = no)
006e ---- 0000 /alertCanPdAuxMask:     dw          #0x0000 ; Can power down AUX domain after ALERT interrupt generation? (0xFFFF = yes, 0x0000 = no)
006f ---- 0000 /rtlStructLockReq:      dw          #0x0000 ; Run-time logging struct lock request (0=idle -> 1=requested -> 2=ready -> access -> 0=idle)
               
               ; External control data, shared with the driver
               fwCtrlExt:
0070 ---- 0000 /bvActiveTasks:         dw          #0x0000 ; Indicates which tasks are currently active
0071 ---- 0000 /bvTaskIoAlert:         dw          #0x0000 ; LSB = Normal data exchange, MSB = Overflow or underflow
0072 ---- 0000 /bvTaskInitializeReq:   dw          #0x0000 ; Requests tasks to start
0073 ---- 0000 /bvTaskExecuteReq:      dw          #0x0000 ; Requests tasks to execute once immediately
0074 ---- 0000 /bvTaskTerminateReq:    dw          #0x0000 ; Requests tasks to stop
               
               
               .segment end "Framework"
               
               
               fwTaskDataStructures:
               .segment begin "Task: LeakADC"
               leakAdc/cfg:
               leakAdc/cfg/continuousAlarmPeriod:
0075 ---- 0000                         dw          #0
               leakAdc/cfg/continuousThreshold:
0076 ---- 0000                         dw          #0
               leakAdc/cfg/instantThreshold:
0077 ---- 0000                         dw          #0
               leakAdc/input:
               leakAdc/output:
               leakAdc/output/adcValue:
0078 ---- 0000                         dw          #0
               leakAdc/state:
               leakAdc/state/alert:
0079 ---- 0000                         dw          #0
               leakAdc/state/continuousThresholdCounter:
007a ---- 0000                         dw          #0
               leakAdc/state/instantThresholdCounter:
007b ---- 0000                         dw          #0
               .segment end "Task: LeakADC"
               
               
               .segment begin "Task: LeakADC"
               leakAdc/initialize:
               ;? adcSelectGpioInput (AUXIO_A_ADC_INPUT);
007c ---- 7001                         ld          R7, #1
007d ---- 14d4                         jsr         AdccompbSelectGpioInput
               ;? 
               ;? fwScheduleTask (1);
007e ---- 0001                         ld          R0, #1
007f ---- 0c67                         st          R0, [#(pFwTaskExecuteScheduleTable + 0)]
               leakAdc/initializeDone:
0080 ---- adb7                         rts         
               
               
               
               
               leakAdc/execute:
               ;? gpioSetOutput (AUXIO_O_SENSOR_POWER);
0081 ---- 640f                         iobset      #(8 & 0x7), [#(IOP_AIODIO0_GPIODOUT + (8 >> 3))]
               ;? 
               ;? adcEnableSync (ADC_REF_FIXED, ADC_SAMPLE_TIME_2P7_US, ADC_TRIGGER_MANUAL);
0082 ---- 705d                         ld          R7, #(((32 - 1) * 24) >> 3)
0083 ---- 6003                         ld          R6, #3
0084 ---- 14e1                         jsr         FwDelay
0085 ---- 7041                         ld          R7, #((0 | (((3 < 6) & (!0)) * ADI16_ADCREF_REF_ON_IDLE)) | ADI16_ADCREF_EN)
0086 ---- 1462                         jsr         AdiDdiAcquire
0087 ---- fb4d                         out         R7, [#IOP_ADISET_ADCREF]
0088 8609 7101                         ld          R7, #((9 << IOB_ANAIF_ADCCTL_START_SRC) | 0x0001)
008a ---- 6431                         iobset      #IOB_WUC_ADCCLKCTL_REQ, [#IOP_WUC_ADCCLKCTL]
               /id0082:
008b ---- 2531                         iobtst      #IOB_WUC_ADCCLKCTL_ACK, [#IOP_WUC_ADCCLKCTL]
008c ---- a6fe                         biob0       /id0082
008d ---- fb00                         out         R7, [#IOP_ANAIF_ADCCTL]
008e ---- 7078                         ld          R7, #BV_ADI16_ADC_SMPL_CYCLE_EXP
008f ---- fb54                         out         R7, [#IOP_ADICLR_ADC]
0090 ---- 7018                         ld          R7, #(3 << BI_ADI16_ADC_SMPL_CYCLE_EXP)
0091 ---- fb4c                         out         R7, [#IOP_ADISET_ADC]
0092 ---- 7003                         ld          R7, #(ADI16_ADC_EN | ADI16_ADC_RESET_N)
0093 ---- fb4c                         out         R7, [#IOP_ADISET_ADC]
0094 ---- fd47                         nop         
0095 ---- fb4c                         out         R7, [#IOP_ADISET_ADC]
0096 ---- 1465                         jsr         AdiDdiRelease
               ;? 
               ;? adcGenManualTrigger ();
0097 ---- 6403                         iobset      #0, [#IOP_ANAIF_ADCTRIG]
               ;? adcReadFifo (output.adcValue);
0098 ---- 001f                         ld          R0, #EVCTL_SCEEVSEL_ADC_FIFO_NOT_EMPTY
0099 ---- 8b2c                         out         R0, [#IOP_EVCTL_SCEWEVSEL]
009a ---- fdb1                         wev1        #WEVSEL_PROG
009b ---- 8902                         in          R0, [#IOP_ANAIF_ADCFIFO]
009c ---- 0c78                         st          R0, [#leakAdc/output/adcValue]
               ;? 
               ;? adcDisable();
009d ---- 14e7                         jsr         AdcDisable
               ;? gpioClearOutput (AUXIO_O_SENSOR_POWER);
009e ---- 440f                         iobclr      #(8 & 0x7), [#(IOP_AIODIO0_GPIODOUT + (8 >> 3))]
               ;? 
               ;? U16 thresholdPassed = 0;
009f ---- 0000                         ld          R0, #0
               ;? 
               ;? if (output.adcValue > cfg.continuousThreshold) {
00a0 ---- 1878                         ld          R1, [#leakAdc/output/adcValue]
00a1 ---- 2876                         ld          R2, [#leakAdc/cfg/continuousThreshold]
00a2 ---- 9d2a                         cmp         R1, R2
00a3 ---- 9e09                         bleu        /id0089
               ;?     state.continuousThresholdCounter = state.continuousThresholdCounter + 1;
00a4 ---- 187a                             ld          R1, [#leakAdc/state/continuousThresholdCounter]
00a5 ---- 9801                             add         R1, #1
00a6 ---- 1c7a                             st          R1, [#leakAdc/state/continuousThresholdCounter]
               ;?     if (state.continuousThresholdCounter > cfg.continuousAlarmPeriod) {
00a7 ---- 187a                             ld          R1, [#leakAdc/state/continuousThresholdCounter]
00a8 ---- 2875                             ld          R2, [#leakAdc/cfg/continuousAlarmPeriod]
00a9 ---- 9d2a                             cmp         R1, R2
00aa ---- 9e01                             bleu        /id0094
               ;?         thresholdPassed = 1;
00ab ---- 0001                                 ld          R0, #1
               ;?     }
               /id0094:
               ;? } else {
00ac ---- 04af                         jmp         /id0092
               /id0089:
               ;?     state.continuousThresholdCounter = 0;
00ad ---- 1000                             ld          R1, #0
00ae ---- 1c7a                             st          R1, [#leakAdc/state/continuousThresholdCounter]
               ;? }
               /id0092:
               ;? 
               ;? if (output.adcValue > cfg.instantThreshold) {
00af ---- 1878                         ld          R1, [#leakAdc/output/adcValue]
00b0 ---- 2877                         ld          R2, [#leakAdc/cfg/instantThreshold]
00b1 ---- 9d2a                         cmp         R1, R2
00b2 ---- 9e08                         bleu        /id0099
               ;?     state.instantThresholdCounter = state.instantThresholdCounter + 1;
00b3 ---- 187b                             ld          R1, [#leakAdc/state/instantThresholdCounter]
00b4 ---- 9801                             add         R1, #1
00b5 ---- 1c7b                             st          R1, [#leakAdc/state/instantThresholdCounter]
               ;?     if (state.instantThresholdCounter > 1) {
00b6 ---- 187b                             ld          R1, [#leakAdc/state/instantThresholdCounter]
00b7 ---- 9a01                             cmp         R1, #1
00b8 ---- 9e01                             bleu        /id0104
               ;?         thresholdPassed = 1;
00b9 ---- 0001                                 ld          R0, #1
               ;?     }
               /id0104:
               ;? } else {
00ba ---- 04bd                         jmp         /id0102
               /id0099:
               ;?     state.instantThresholdCounter = 0;
00bb ---- 1000                             ld          R1, #0
00bc ---- 1c7b                             st          R1, [#leakAdc/state/instantThresholdCounter]
               ;? }
               /id0102:
               ;? 
               ;? if (thresholdPassed == 1)  {
00bd ---- 8a01                         cmp         R0, #1
00be ---- be09                         bneq        /id0108
               ;?     if (state.alert == 0) {
00bf ---- 0879                             ld          R0, [#leakAdc/state/alert]
00c0 ---- 8a00                             cmp         R0, #0
00c1 ---- be05                             bneq        /id0111
               ;?         state.alert = 1;
00c2 ---- 0001                                 ld          R0, #1
00c3 ---- 0c79                                 st          R0, [#leakAdc/state/alert]
               ;?         fwGenAlertInterrupt();
00c4 ---- 086c                                 ld          R0, [#fwCtrlInt/bvTaskIoAlert]
00c5 ---- 8201                                 or          R0, #(1 << 0)
00c6 ---- 0c6c                                 st          R0, [#fwCtrlInt/bvTaskIoAlert]
               ;?     }
               /id0111:
               ;? } else  {
00c7 ---- 04d0                         jmp         /id0110
               /id0108:
               ;?     if (state.alert == 1) {
00c8 ---- 0879                             ld          R0, [#leakAdc/state/alert]
00c9 ---- 8a01                             cmp         R0, #1
00ca ---- be05                             bneq        /id0115
               ;?         state.alert = 0;
00cb ---- 0000                                 ld          R0, #0
00cc ---- 0c79                                 st          R0, [#leakAdc/state/alert]
               ;?         fwGenAlertInterrupt();
00cd ---- 086c                                 ld          R0, [#fwCtrlInt/bvTaskIoAlert]
00ce ---- 8201                                 or          R0, #(1 << 0)
00cf ---- 0c6c                                 st          R0, [#fwCtrlInt/bvTaskIoAlert]
               ;?     }
               /id0115:
               ;? }
               /id0110:
               ;? 
               ;? 
               ;? fwScheduleTask(1);
00d0 ---- 0001                         ld          R0, #1
00d1 ---- 0c67                         st          R0, [#(pFwTaskExecuteScheduleTable + 0)]
               leakAdc/executeDone:
00d2 ---- adb7                         rts         
               
               
               
               
               leakAdc/terminate:
               leakAdc/terminateDone:
00d3 ---- adb7                         rts         
               .segment end "Task: LeakADC"
               
               
               .segment begin "Procedure Libary"
               ; PARAMETERS:
               ;     R7 = AUX I/O index (0-7)
               ;
               ; CLOBBERS:
               ;     R6, R7
               AdccompbSelectGpioInput:
                                       ; Make sure that the AUX I/O index is valid
00d4 ---- f007                         and         R7, #0x0007
               
                                       ; Disconnect all signals
00d5 ---- 1462                         jsr         AdiDdiAcquire
00d6 86ff 63f8                         ld          R6, #(BV_ADI16_MUX2_ADCCOMPB_IN | BV_ADI16_MUX3_ADCCOMPB_IN)
00d8 ---- eb51                         out         R6, [#IOP_ADICLR_MUX2_MUX3]
               
                                       ; Connect the specified GPIO
00d9 8680 6000                         ld          R6, #ADI16_MUX3_ADCCOMPB_IN_AUXIO0
00db ---- ed8f                         lsr         R6, R7
00dc ---- eb49                         out         R6, [#IOP_ADISET_MUX2_MUX3]
               
                                       ; Ensure that it has taken effect
00dd ---- fd47                         nop         ; Workaround for back-to-back ADI/DDI accesses
00de ---- eb49                         out         R6, [#IOP_ADISET_MUX2_MUX3]
00df ---- 1465                         jsr         AdiDdiRelease
00e0 ---- adb7                         rts
               
               
               
               
               ; 3 + 5 CPU cycles = 16 clock cycles = 0.66 microsecond are added to the specified delay (parameter
               ; loading and timer configuration)
               ;
               ; PARAMETERS:
               ;     R7 = Delay
               ;     R6 = Prescaler exponent
               ;
               ; CLOBBERS:
               ;     R6
               FwDelay:
                                       ; Set the delay
00e1 ---- fb0c                         out         R7, [#IOP_TIMER_T0TARGET]
               
                                       ; Configure the timer (from clock, single-mode, prescaler exponent = R6)
00e2 ---- eda4                         lsl         R6, #4
00e3 ---- eb09                         out         R6, [#IOP_TIMER_T0CFG]
               
                                       ; Start the timer, wait for it to trigger, and stop it
00e4 ---- 640b                         iobset      #0, [#IOP_TIMER_T0CTL]
00e5 ---- cdb1                         wev1        #WEVSEL_TIMER0
00e6 ---- adb7                         rts
               
               
               
               
               ; CLOBBERS:
               ;     R7
               AdcDisable:
                                       ; Disable the ADC reference
00e7 ---- 1462                         jsr         AdiDdiAcquire
00e8 ---- 7079                         ld          R7, #((ADI16_ADCREF_EN | ADI16_ADCREF_REF_ON_IDLE) | (ADI16_ADCREF_SRC | (ADI16_ADCREF_EXT | ADI16_ADCREF_IOMUX)))
00e9 ---- fb55                         out         R7, [#IOP_ADICLR_ADCREF]
               
                                       ; Assert reset and disable the ADC
00ea ---- 71fb                         ld          R7, #((ADI16_ADC_EN | ADI16_ADC_RESET_N) | (BV_ADI16_ADC_SMPL_CYCLE_EXP | (BV_ADI16_ADC_SMPL_MODE | ADI16_ADC_SCALE_DIS)))
00eb ---- fb54                         out         R7, [#IOP_ADICLR_ADC]
               
                                       ; Ensure that it has taken effect
00ec ---- fd47                         nop         ; Workaround for back-to-back ADI/DDI accesses
00ed ---- fb54                         out         R7, [#IOP_ADICLR_ADC]
00ee ---- 1465                         jsr         AdiDdiRelease
               
                                       ; Disable the ADC clock (no need to wait since IOB_WUC_ADCCLKCTL_ACK goes low immediately)
00ef ---- 4431                         iobclr      #IOB_WUC_ADCCLKCTL_REQ, [#IOP_WUC_ADCCLKCTL]
               
                                       ; Disable the ADC data interface
00f0 ---- 4400                         iobclr      #0, [#IOP_ANAIF_ADCCTL]
               
00f1 ---- adb7                         rts
               .segment end "Procedure Libary"
               

; Generated by PSILON-VAIO at 2017-11-11 18:51:03.275
